build/app/intermediates/manifest_merge_blame_file/debug/manifest-merger-blame-debug-report.txt
1<?xml version="1.0" encoding="utf-8"?>
2<manifest xmlns:android="http://schemas.android.com/apk/res/android"
3    package="com.example.flutter_admin"
4    android:versionCode="1"
5    android:versionName="1.0.0" >
6
7    <uses-sdk
8        android:minSdkVersion="21"
9        android:targetSdkVersion="33" />
10    <!--
11         The INTERNET permission is required for development. Specifically,
12         the Flutter tool needs it to communicate with the running application
13         to allow setting breakpoints, to provide hot reload, etc.
14    -->
15    <uses-permission android:name="android.permission.INTERNET" />
15-->src\debug\AndroidManifest.xml:7:5-66
15-->src\debug\AndroidManifest.xml:7:22-64
16    <uses-permission android:name="android.permission.WAKE_LOCK" />
16-->[:firebase_messaging] AndroidManifest.xml:10:5-68
16-->[:firebase_messaging] AndroidManifest.xml:10:22-65
17    <uses-permission android:name="android.permission.ACCESS_NETWORK_STATE" /> <!-- Permissions options for the `notification` group -->
17-->[:firebase_messaging] AndroidManifest.xml:11:5-79
17-->[:firebase_messaging] AndroidManifest.xml:11:22-76
18    <uses-permission android:name="android.permission.POST_NOTIFICATIONS" />
18-->[:firebase_messaging] AndroidManifest.xml:13:5-77
18-->[:firebase_messaging] AndroidManifest.xml:13:22-74
19    <uses-permission android:name="android.permission.READ_EXTERNAL_STORAGE" />
19-->[:file_picker] AndroidManifest.xml:9:5-80
19-->[:file_picker] AndroidManifest.xml:9:22-77
20
21    <queries>
21-->[:file_picker] AndroidManifest.xml:11:5-17:15
22        <intent>
22-->[:file_picker] AndroidManifest.xml:12:9-16:18
23            <action android:name="android.intent.action.GET_CONTENT" />
23-->[:file_picker] AndroidManifest.xml:13:13-72
23-->[:file_picker] AndroidManifest.xml:13:21-69
24
25            <data android:mimeType="*/*" />
25-->[:file_picker] AndroidManifest.xml:15:13-44
25-->[:file_picker] AndroidManifest.xml:15:19-41
26        </intent>
27    </queries>
28
29    <uses-permission android:name="android.permission.RECEIVE_BOOT_COMPLETED" />
29-->[:flutter_local_notifications] AndroidManifest.xml:9:5-81
29-->[:flutter_local_notifications] AndroidManifest.xml:9:22-78
30    <uses-permission android:name="android.permission.VIBRATE" />
30-->[:flutter_local_notifications] AndroidManifest.xml:10:5-66
30-->[:flutter_local_notifications] AndroidManifest.xml:10:22-63
31    <uses-permission android:name="android.permission.USE_FULL_SCREEN_INTENT" />
31-->[:flutter_local_notifications] AndroidManifest.xml:11:5-81
31-->[:flutter_local_notifications] AndroidManifest.xml:11:22-78
32    <uses-permission android:name="android.permission.SCHEDULE_EXACT_ALARM" /> <!-- Required by older versions of Google Play services to create IID tokens -->
32-->[:flutter_local_notifications] AndroidManifest.xml:12:5-79
32-->[:flutter_local_notifications] AndroidManifest.xml:12:22-76
33    <uses-permission android:name="com.google.android.c2dm.permission.RECEIVE" />
33-->[com.google.firebase:firebase-messaging:23.0.8] AndroidManifest.xml:29:5-82
33-->[com.google.firebase:firebase-messaging:23.0.8] AndroidManifest.xml:29:22-79
34
35    <application
36        android:name="android.app.Application"
37        android:appComponentFactory="androidx.core.app.CoreComponentFactory"
37-->[androidx.core:core:1.8.0] AndroidManifest.xml:24:18-86
38        android:debuggable="true"
39        android:icon="@mipmap/ic_launcher"
40        android:label="flutter_admin" >
41        <activity
42            android:name="com.example.flutter_admin.MainActivity"
43            android:configChanges="orientation|keyboardHidden|keyboard|screenSize|smallestScreenSize|locale|layoutDirection|fontScale|screenLayout|density|uiMode"
44            android:exported="true"
45            android:hardwareAccelerated="true"
46            android:launchMode="singleTop"
47            android:theme="@style/LaunchTheme"
48            android:windowSoftInputMode="adjustResize" >
49
50            <!--
51                 Specifies an Android theme to apply to this Activity as soon as
52                 the Android process has started. This theme is visible to the user
53                 while the Flutter UI initializes. After that, this theme continues
54                 to determine the Window background behind the Flutter UI.
55            -->
56            <meta-data
57                android:name="io.flutter.embedding.android.NormalTheme"
58                android:resource="@style/NormalTheme" />
59
60            <intent-filter>
61                <action android:name="android.intent.action.MAIN" />
62
63                <category android:name="android.intent.category.LAUNCHER" />
64            </intent-filter>
65        </activity>
66        <!--
67             Don't delete the meta-data below.
68             This is used by the Flutter tool to generate GeneratedPluginRegistrant.java
69        -->
70        <meta-data
71            android:name="flutterEmbedding"
72            android:value="2" />
73
74        <service
74-->[:firebase_database] AndroidManifest.xml:10:9-14:19
75            android:name="com.google.firebase.components.ComponentDiscoveryService"
75-->[:firebase_database] AndroidManifest.xml:10:18-89
76            android:directBootAware="true"
76-->[com.google.firebase:firebase-common:20.1.2] AndroidManifest.xml:35:13-43
77            android:exported="false" >
77-->[com.google.firebase:firebase-auth:21.0.8] AndroidManifest.xml:66:13-37
78            <meta-data
78-->[:firebase_database] AndroidManifest.xml:11:13-13:85
79                android:name="com.google.firebase.components:io.flutter.plugins.firebase.database.FlutterFirebaseAppRegistrar"
79-->[:firebase_database] AndroidManifest.xml:12:17-127
80                android:value="com.google.firebase.components.ComponentRegistrar" />
80-->[:firebase_database] AndroidManifest.xml:13:17-82
81            <meta-data
81-->[:cloud_firestore] AndroidManifest.xml:11:13-13:85
82                android:name="com.google.firebase.components:io.flutter.plugins.firebase.firestore.FlutterFirebaseFirestoreRegistrar"
82-->[:cloud_firestore] AndroidManifest.xml:12:17-134
83                android:value="com.google.firebase.components.ComponentRegistrar" />
83-->[:cloud_firestore] AndroidManifest.xml:13:17-82
84            <meta-data
84-->[:firebase_auth] AndroidManifest.xml:11:13-13:85
85                android:name="com.google.firebase.components:io.flutter.plugins.firebase.auth.FlutterFirebaseAuthRegistrar"
85-->[:firebase_auth] AndroidManifest.xml:12:17-124
86                android:value="com.google.firebase.components.ComponentRegistrar" />
86-->[:firebase_auth] AndroidManifest.xml:13:17-82
87            <meta-data
87-->[:firebase_storage] AndroidManifest.xml:11:13-13:85
88                android:name="com.google.firebase.components:io.flutter.plugins.firebase.storage.FlutterFirebaseAppRegistrar"
88-->[:firebase_storage] AndroidManifest.xml:12:17-126
89                android:value="com.google.firebase.components.ComponentRegistrar" />
89-->[:firebase_storage] AndroidManifest.xml:13:17-82
90            <meta-data
90-->[:firebase_messaging] AndroidManifest.xml:38:13-40:85
91                android:name="com.google.firebase.components:io.flutter.plugins.firebase.messaging.FlutterFirebaseAppRegistrar"
91-->[:firebase_messaging] AndroidManifest.xml:39:17-128
92                android:value="com.google.firebase.components.ComponentRegistrar" />
92-->[:firebase_messaging] AndroidManifest.xml:40:17-82
93            <meta-data
93-->[:firebase_core] AndroidManifest.xml:11:13-13:85
94                android:name="com.google.firebase.components:io.flutter.plugins.firebase.core.FlutterFirebaseCoreRegistrar"
94-->[:firebase_core] AndroidManifest.xml:12:17-124
95                android:value="com.google.firebase.components.ComponentRegistrar" />
95-->[:firebase_core] AndroidManifest.xml:13:17-82
96            <meta-data
96-->[com.google.firebase:firebase-auth:21.0.8] AndroidManifest.xml:67:13-69:85
97                android:name="com.google.firebase.components:com.google.firebase.auth.FirebaseAuthRegistrar"
97-->[com.google.firebase:firebase-auth:21.0.8] AndroidManifest.xml:68:17-109
98                android:value="com.google.firebase.components.ComponentRegistrar" />
98-->[com.google.firebase:firebase-auth:21.0.8] AndroidManifest.xml:69:17-82
99            <meta-data
99-->[com.google.firebase:firebase-firestore:24.3.1] AndroidManifest.xml:20:13-22:85
100                android:name="com.google.firebase.components:com.google.firebase.firestore.FirestoreRegistrar"
100-->[com.google.firebase:firebase-firestore:24.3.1] AndroidManifest.xml:21:17-111
101                android:value="com.google.firebase.components.ComponentRegistrar" />
101-->[com.google.firebase:firebase-firestore:24.3.1] AndroidManifest.xml:22:17-82
102            <meta-data
102-->[com.google.firebase:firebase-messaging:23.0.8] AndroidManifest.xml:56:13-58:85
103                android:name="com.google.firebase.components:com.google.firebase.messaging.FirebaseMessagingRegistrar"
103-->[com.google.firebase:firebase-messaging:23.0.8] AndroidManifest.xml:57:17-119
104                android:value="com.google.firebase.components.ComponentRegistrar" />
104-->[com.google.firebase:firebase-messaging:23.0.8] AndroidManifest.xml:58:17-82
105            <meta-data
105-->[com.google.firebase:firebase-storage:20.0.2] AndroidManifest.xml:33:13-35:85
106                android:name="com.google.firebase.components:com.google.firebase.storage.StorageRegistrar"
106-->[com.google.firebase:firebase-storage:20.0.2] AndroidManifest.xml:34:17-107
107                android:value="com.google.firebase.components.ComponentRegistrar" />
107-->[com.google.firebase:firebase-storage:20.0.2] AndroidManifest.xml:35:17-82
108            <meta-data
108-->[com.google.firebase:firebase-database:20.0.6] AndroidManifest.xml:32:13-34:85
109                android:name="com.google.firebase.components:com.google.firebase.database.DatabaseRegistrar"
109-->[com.google.firebase:firebase-database:20.0.6] AndroidManifest.xml:33:17-109
110                android:value="com.google.firebase.components.ComponentRegistrar" />
110-->[com.google.firebase:firebase-database:20.0.6] AndroidManifest.xml:34:17-82
111            <meta-data
111-->[com.google.firebase:firebase-datatransport:18.1.6] AndroidManifest.xml:28:13-30:85
112                android:name="com.google.firebase.components:com.google.firebase.datatransport.TransportRegistrar"
112-->[com.google.firebase:firebase-datatransport:18.1.6] AndroidManifest.xml:29:17-115
113                android:value="com.google.firebase.components.ComponentRegistrar" />
113-->[com.google.firebase:firebase-datatransport:18.1.6] AndroidManifest.xml:30:17-82
114            <meta-data
114-->[com.google.firebase:firebase-installations:17.0.3] AndroidManifest.xml:18:13-20:85
115                android:name="com.google.firebase.components:com.google.firebase.installations.FirebaseInstallationsRegistrar"
115-->[com.google.firebase:firebase-installations:17.0.3] AndroidManifest.xml:19:17-127
116                android:value="com.google.firebase.components.ComponentRegistrar" />
116-->[com.google.firebase:firebase-installations:17.0.3] AndroidManifest.xml:20:17-82
117        </service>
118        <service
118-->[:firebase_messaging] AndroidManifest.xml:16:9-19:72
119            android:name="io.flutter.plugins.firebase.messaging.FlutterFirebaseMessagingBackgroundService"
119-->[:firebase_messaging] AndroidManifest.xml:17:13-107
120            android:exported="false"
120-->[:firebase_messaging] AndroidManifest.xml:18:13-37
121            android:permission="android.permission.BIND_JOB_SERVICE" />
121-->[:firebase_messaging] AndroidManifest.xml:19:13-69
122        <service
122-->[:firebase_messaging] AndroidManifest.xml:20:9-26:19
123            android:name="io.flutter.plugins.firebase.messaging.FlutterFirebaseMessagingService"
123-->[:firebase_messaging] AndroidManifest.xml:21:13-97
124            android:exported="false" >
124-->[:firebase_messaging] AndroidManifest.xml:22:13-37
125            <intent-filter>
125-->[:firebase_messaging] AndroidManifest.xml:23:13-25:29
126                <action android:name="com.google.firebase.MESSAGING_EVENT" />
126-->[:firebase_messaging] AndroidManifest.xml:24:17-78
126-->[:firebase_messaging] AndroidManifest.xml:24:25-75
127            </intent-filter>
128        </service>
129
130        <receiver
130-->[:firebase_messaging] AndroidManifest.xml:28:9-35:20
131            android:name="io.flutter.plugins.firebase.messaging.FlutterFirebaseMessagingReceiver"
131-->[:firebase_messaging] AndroidManifest.xml:29:13-98
132            android:exported="true"
132-->[:firebase_messaging] AndroidManifest.xml:30:13-36
133            android:permission="com.google.android.c2dm.permission.SEND" >
133-->[:firebase_messaging] AndroidManifest.xml:31:13-73
134            <intent-filter>
134-->[:firebase_messaging] AndroidManifest.xml:32:13-34:29
135                <action android:name="com.google.android.c2dm.intent.RECEIVE" />
135-->[:firebase_messaging] AndroidManifest.xml:33:17-81
135-->[:firebase_messaging] AndroidManifest.xml:33:25-78
136            </intent-filter>
137        </receiver>
138
139        <provider
139-->[:firebase_messaging] AndroidManifest.xml:43:9-47:38
140            android:name="io.flutter.plugins.firebase.messaging.FlutterFirebaseMessagingInitProvider"
140-->[:firebase_messaging] AndroidManifest.xml:44:13-102
141            android:authorities="com.example.flutter_admin.flutterfirebasemessaginginitprovider"
141-->[:firebase_messaging] AndroidManifest.xml:45:13-88
142            android:exported="false"
142-->[:firebase_messaging] AndroidManifest.xml:46:13-37
143            android:initOrder="99" />
143-->[:firebase_messaging] AndroidManifest.xml:47:13-35
144        <provider
144-->[:image_picker_android] AndroidManifest.xml:10:9-18:20
145            android:name="io.flutter.plugins.imagepicker.ImagePickerFileProvider"
145-->[:image_picker_android] AndroidManifest.xml:11:13-82
146            android:authorities="com.example.flutter_admin.flutter.image_provider"
146-->[:image_picker_android] AndroidManifest.xml:12:13-74
147            android:exported="false"
147-->[:image_picker_android] AndroidManifest.xml:13:13-37
148            android:grantUriPermissions="true" >
148-->[:image_picker_android] AndroidManifest.xml:14:13-47
149            <meta-data
149-->[:image_picker_android] AndroidManifest.xml:15:13-17:75
150                android:name="android.support.FILE_PROVIDER_PATHS"
150-->[:image_picker_android] AndroidManifest.xml:16:17-67
151                android:resource="@xml/flutter_image_picker_file_paths" />
151-->[:image_picker_android] AndroidManifest.xml:17:17-72
152        </provider>
153
154        <receiver
154-->[:flutter_local_notifications] AndroidManifest.xml:16:9-18:40
155            android:name="com.dexterous.flutterlocalnotifications.ActionBroadcastReceiver"
155-->[:flutter_local_notifications] AndroidManifest.xml:17:13-91
156            android:exported="false" />
156-->[:flutter_local_notifications] AndroidManifest.xml:18:13-37
157        <receiver
157-->[:flutter_local_notifications] AndroidManifest.xml:19:9-21:40
158            android:name="com.dexterous.flutterlocalnotifications.ScheduledNotificationReceiver"
158-->[:flutter_local_notifications] AndroidManifest.xml:20:13-97
159            android:exported="false" />
159-->[:flutter_local_notifications] AndroidManifest.xml:21:13-37
160        <receiver
160-->[:flutter_local_notifications] AndroidManifest.xml:22:9-31:20
161            android:name="com.dexterous.flutterlocalnotifications.ScheduledNotificationBootReceiver"
161-->[:flutter_local_notifications] AndroidManifest.xml:23:13-101
162            android:exported="false" >
162-->[:flutter_local_notifications] AndroidManifest.xml:24:13-37
163            <intent-filter>
163-->[:flutter_local_notifications] AndroidManifest.xml:25:13-30:29
164                <action android:name="android.intent.action.BOOT_COMPLETED" />
164-->[:flutter_local_notifications] AndroidManifest.xml:26:17-79
164-->[:flutter_local_notifications] AndroidManifest.xml:26:25-76
165                <action android:name="android.intent.action.MY_PACKAGE_REPLACED" />
165-->[:flutter_local_notifications] AndroidManifest.xml:27:17-84
165-->[:flutter_local_notifications] AndroidManifest.xml:27:25-81
166                <action android:name="android.intent.action.QUICKBOOT_POWERON" />
166-->[:flutter_local_notifications] AndroidManifest.xml:28:17-82
166-->[:flutter_local_notifications] AndroidManifest.xml:28:25-79
167                <action android:name="com.htc.intent.action.QUICKBOOT_POWERON" />
167-->[:flutter_local_notifications] AndroidManifest.xml:29:17-82
167-->[:flutter_local_notifications] AndroidManifest.xml:29:25-79
168            </intent-filter>
169        </receiver>
170
171        <activity
171-->[:url_launcher_android] AndroidManifest.xml:10:9-13:74
172            android:name="io.flutter.plugins.urllauncher.WebViewActivity"
172-->[:url_launcher_android] AndroidManifest.xml:11:13-74
173            android:exported="false"
173-->[:url_launcher_android] AndroidManifest.xml:12:13-37
174            android:theme="@android:style/Theme.NoTitleBar.Fullscreen" />
174-->[:url_launcher_android] AndroidManifest.xml:13:13-71
175
176        <uses-library
176-->[androidx.window:window:1.0.0-beta04] AndroidManifest.xml:25:9-27:40
177            android:name="androidx.window.extensions"
177-->[androidx.window:window:1.0.0-beta04] AndroidManifest.xml:26:13-54
178            android:required="false" />
178-->[androidx.window:window:1.0.0-beta04] AndroidManifest.xml:27:13-37
179        <uses-library
179-->[androidx.window:window:1.0.0-beta04] AndroidManifest.xml:28:9-30:40
180            android:name="androidx.window.sidecar"
180-->[androidx.window:window:1.0.0-beta04] AndroidManifest.xml:29:13-51
181            android:required="false" />
181-->[androidx.window:window:1.0.0-beta04] AndroidManifest.xml:30:13-37
182
183        <activity
183-->[com.google.firebase:firebase-auth:21.0.8] AndroidManifest.xml:27:9-44:20
184            android:name="com.google.firebase.auth.internal.GenericIdpActivity"
184-->[com.google.firebase:firebase-auth:21.0.8] AndroidManifest.xml:28:13-80
185            android:excludeFromRecents="true"
185-->[com.google.firebase:firebase-auth:21.0.8] AndroidManifest.xml:29:13-46
186            android:exported="true"
186-->[com.google.firebase:firebase-auth:21.0.8] AndroidManifest.xml:30:13-36
187            android:launchMode="singleTask"
187-->[com.google.firebase:firebase-auth:21.0.8] AndroidManifest.xml:31:13-44
188            android:theme="@android:style/Theme.Translucent.NoTitleBar" >
188-->[com.google.firebase:firebase-auth:21.0.8] AndroidManifest.xml:32:13-72
189            <intent-filter>
189-->[com.google.firebase:firebase-auth:21.0.8] AndroidManifest.xml:33:13-43:29
190                <action android:name="android.intent.action.VIEW" />
190-->[com.google.firebase:firebase-auth:21.0.8] AndroidManifest.xml:34:17-69
190-->[com.google.firebase:firebase-auth:21.0.8] AndroidManifest.xml:34:25-66
191
192                <category android:name="android.intent.category.DEFAULT" />
192-->[com.google.firebase:firebase-auth:21.0.8] AndroidManifest.xml:36:17-76
192-->[com.google.firebase:firebase-auth:21.0.8] AndroidManifest.xml:36:27-73
193                <category android:name="android.intent.category.BROWSABLE" />
193-->[com.google.firebase:firebase-auth:21.0.8] AndroidManifest.xml:37:17-78
193-->[com.google.firebase:firebase-auth:21.0.8] AndroidManifest.xml:37:27-75
194
195                <data
195-->[:file_picker] AndroidManifest.xml:15:13-44
196                    android:host="firebase.auth"
197                    android:path="/"
198                    android:scheme="genericidp" />
199            </intent-filter>
200        </activity>
201        <activity
201-->[com.google.firebase:firebase-auth:21.0.8] AndroidManifest.xml:45:9-62:20
202            android:name="com.google.firebase.auth.internal.RecaptchaActivity"
202-->[com.google.firebase:firebase-auth:21.0.8] AndroidManifest.xml:46:13-79
203            android:excludeFromRecents="true"
203-->[com.google.firebase:firebase-auth:21.0.8] AndroidManifest.xml:47:13-46
204            android:exported="true"
204-->[com.google.firebase:firebase-auth:21.0.8] AndroidManifest.xml:48:13-36
205            android:launchMode="singleTask"
205-->[com.google.firebase:firebase-auth:21.0.8] AndroidManifest.xml:49:13-44
206            android:theme="@android:style/Theme.Translucent.NoTitleBar" >
206-->[com.google.firebase:firebase-auth:21.0.8] AndroidManifest.xml:50:13-72
207            <intent-filter>
207-->[com.google.firebase:firebase-auth:21.0.8] AndroidManifest.xml:51:13-61:29
208                <action android:name="android.intent.action.VIEW" />
208-->[com.google.firebase:firebase-auth:21.0.8] AndroidManifest.xml:34:17-69
208-->[com.google.firebase:firebase-auth:21.0.8] AndroidManifest.xml:34:25-66
209
210                <category android:name="android.intent.category.DEFAULT" />
210-->[com.google.firebase:firebase-auth:21.0.8] AndroidManifest.xml:36:17-76
210-->[com.google.firebase:firebase-auth:21.0.8] AndroidManifest.xml:36:27-73
211                <category android:name="android.intent.category.BROWSABLE" />
211-->[com.google.firebase:firebase-auth:21.0.8] AndroidManifest.xml:37:17-78
211-->[com.google.firebase:firebase-auth:21.0.8] AndroidManifest.xml:37:27-75
212
213                <data
213-->[:file_picker] AndroidManifest.xml:15:13-44
214                    android:host="firebase.auth"
215                    android:path="/"
216                    android:scheme="recaptcha" />
217            </intent-filter>
218        </activity>
219
220        <receiver
220-->[com.google.firebase:firebase-messaging:23.0.8] AndroidManifest.xml:32:9-39:20
221            android:name="com.google.firebase.iid.FirebaseInstanceIdReceiver"
221-->[com.google.firebase:firebase-messaging:23.0.8] AndroidManifest.xml:33:13-78
222            android:exported="true"
222-->[com.google.firebase:firebase-messaging:23.0.8] AndroidManifest.xml:34:13-36
223            android:permission="com.google.android.c2dm.permission.SEND" >
223-->[com.google.firebase:firebase-messaging:23.0.8] AndroidManifest.xml:35:13-73
224            <intent-filter>
224-->[:firebase_messaging] AndroidManifest.xml:32:13-34:29
225                <action android:name="com.google.android.c2dm.intent.RECEIVE" />
225-->[:firebase_messaging] AndroidManifest.xml:33:17-81
225-->[:firebase_messaging] AndroidManifest.xml:33:25-78
226            </intent-filter>
227        </receiver>
228        <!--
229             FirebaseMessagingService performs security checks at runtime,
230             but set to not exported to explicitly avoid allowing another app to call it.
231        -->
232        <service
232-->[com.google.firebase:firebase-messaging:23.0.8] AndroidManifest.xml:45:9-52:19
233            android:name="com.google.firebase.messaging.FirebaseMessagingService"
233-->[com.google.firebase:firebase-messaging:23.0.8] AndroidManifest.xml:46:13-82
234            android:directBootAware="true"
234-->[com.google.firebase:firebase-messaging:23.0.8] AndroidManifest.xml:47:13-43
235            android:exported="false" >
235-->[com.google.firebase:firebase-messaging:23.0.8] AndroidManifest.xml:48:13-37
236            <intent-filter android:priority="-500" >
236-->[:firebase_messaging] AndroidManifest.xml:23:13-25:29
237                <action android:name="com.google.firebase.MESSAGING_EVENT" />
237-->[:firebase_messaging] AndroidManifest.xml:24:17-78
237-->[:firebase_messaging] AndroidManifest.xml:24:25-75
238            </intent-filter>
239        </service>
240
241        <provider
241-->[com.google.firebase:firebase-common:20.1.2] AndroidManifest.xml:26:9-31:39
242            android:name="com.google.firebase.provider.FirebaseInitProvider"
242-->[com.google.firebase:firebase-common:20.1.2] AndroidManifest.xml:27:13-77
243            android:authorities="com.example.flutter_admin.firebaseinitprovider"
243-->[com.google.firebase:firebase-common:20.1.2] AndroidManifest.xml:28:13-72
244            android:directBootAware="true"
244-->[com.google.firebase:firebase-common:20.1.2] AndroidManifest.xml:29:13-43
245            android:exported="false"
245-->[com.google.firebase:firebase-common:20.1.2] AndroidManifest.xml:30:13-37
246            android:initOrder="100" />
246-->[com.google.firebase:firebase-common:20.1.2] AndroidManifest.xml:31:13-36
247
248        <activity
248-->[com.google.android.gms:play-services-base:18.0.1] AndroidManifest.xml:20:9-22:45
249            android:name="com.google.android.gms.common.api.GoogleApiActivity"
249-->[com.google.android.gms:play-services-base:18.0.1] AndroidManifest.xml:20:19-85
250            android:exported="false"
250-->[com.google.android.gms:play-services-base:18.0.1] AndroidManifest.xml:22:19-43
251            android:theme="@android:style/Theme.Translucent.NoTitleBar" />
251-->[com.google.android.gms:play-services-base:18.0.1] AndroidManifest.xml:21:19-78
252
253        <meta-data
253-->[com.google.android.gms:play-services-basement:18.1.0] AndroidManifest.xml:21:9-23:69
254            android:name="com.google.android.gms.version"
254-->[com.google.android.gms:play-services-basement:18.1.0] AndroidManifest.xml:22:13-58
255            android:value="@integer/google_play_services_version" />
255-->[com.google.android.gms:play-services-basement:18.1.0] AndroidManifest.xml:23:13-66
256
257        <service
257-->[com.google.android.datatransport:transport-backend-cct:3.1.7] AndroidManifest.xml:29:9-35:19
258            android:name="com.google.android.datatransport.runtime.backends.TransportBackendDiscovery"
258-->[com.google.android.datatransport:transport-backend-cct:3.1.7] AndroidManifest.xml:30:13-103
259            android:exported="false" >
259-->[com.google.android.datatransport:transport-backend-cct:3.1.7] AndroidManifest.xml:31:13-37
260            <meta-data
260-->[com.google.android.datatransport:transport-backend-cct:3.1.7] AndroidManifest.xml:32:13-34:39
261                android:name="backend:com.google.android.datatransport.cct.CctBackendFactory"
261-->[com.google.android.datatransport:transport-backend-cct:3.1.7] AndroidManifest.xml:33:17-94
262                android:value="cct" />
262-->[com.google.android.datatransport:transport-backend-cct:3.1.7] AndroidManifest.xml:34:17-36
263        </service>
264        <service
264-->[com.google.android.datatransport:transport-runtime:3.1.7] AndroidManifest.xml:26:9-30:19
265            android:name="com.google.android.datatransport.runtime.scheduling.jobscheduling.JobInfoSchedulerService"
265-->[com.google.android.datatransport:transport-runtime:3.1.7] AndroidManifest.xml:27:13-117
266            android:exported="false"
266-->[com.google.android.datatransport:transport-runtime:3.1.7] AndroidManifest.xml:28:13-37
267            android:permission="android.permission.BIND_JOB_SERVICE" >
267-->[com.google.android.datatransport:transport-runtime:3.1.7] AndroidManifest.xml:29:13-69
268        </service>
269
270        <receiver
270-->[com.google.android.datatransport:transport-runtime:3.1.7] AndroidManifest.xml:32:9-34:40
271            android:name="com.google.android.datatransport.runtime.scheduling.jobscheduling.AlarmManagerSchedulerBroadcastReceiver"
271-->[com.google.android.datatransport:transport-runtime:3.1.7] AndroidManifest.xml:33:13-132
272            android:exported="false" />
272-->[com.google.android.datatransport:transport-runtime:3.1.7] AndroidManifest.xml:34:13-37
273    </application>
274
275</manifest>